0 info it worked if it ends with ok
1 verbose cli [ '/usr/local/bin/node', '/usr/local/bin/npm', 'run', 'serve' ]
2 info using npm@4.1.2
3 info using node@v7.4.0
4 verbose run-script [ 'preserve', 'serve', 'postserve' ]
5 info lifecycle pooya-tolideh-portfolio@0.0.1~preserve: pooya-tolideh-portfolio@0.0.1
6 silly lifecycle pooya-tolideh-portfolio@0.0.1~preserve: no script for preserve, continuing
7 info lifecycle pooya-tolideh-portfolio@0.0.1~serve: pooya-tolideh-portfolio@0.0.1
8 verbose lifecycle pooya-tolideh-portfolio@0.0.1~serve: unsafe-perm in lifecycle true
9 verbose lifecycle pooya-tolideh-portfolio@0.0.1~serve: PATH: /usr/local/lib/node_modules/npm/bin/node-gyp-bin:/Users/pooyatolideh/Sites/_My-Portfolio/static/node_modules/.bin:/Users/pooyatolideh/.rbenv/shims:/Library/Frameworks/Python.framework/Versions/3.6/bin:/usr/local/bin:/usr/bin:/bin:/usr/sbin:/sbin:/usr/local/bin:/usr/local/bin:/usr/bin:/bin:/usr/sbin:/sbin:/Users/pooyatolideh/.rbenv/shims:/Library/Frameworks/Python.framework/Versions/3.6/bin
10 verbose lifecycle pooya-tolideh-portfolio@0.0.1~serve: CWD: /Users/pooyatolideh/Sites/_My-Portfolio/static
11 silly lifecycle pooya-tolideh-portfolio@0.0.1~serve: Args: [ '-c', 'gulp serve:dev' ]
12 silly lifecycle pooya-tolideh-portfolio@0.0.1~serve: Returned: code: 1  signal: null
13 info lifecycle pooya-tolideh-portfolio@0.0.1~serve: Failed to exec serve script
14 verbose stack Error: pooya-tolideh-portfolio@0.0.1 serve: `gulp serve:dev`
14 verbose stack Exit status 1
14 verbose stack     at EventEmitter.<anonymous> (/usr/local/lib/node_modules/npm/lib/utils/lifecycle.js:279:16)
14 verbose stack     at emitTwo (events.js:106:13)
14 verbose stack     at EventEmitter.emit (events.js:191:7)
14 verbose stack     at ChildProcess.<anonymous> (/usr/local/lib/node_modules/npm/lib/utils/spawn.js:40:14)
14 verbose stack     at emitTwo (events.js:106:13)
14 verbose stack     at ChildProcess.emit (events.js:191:7)
14 verbose stack     at maybeClose (internal/child_process.js:885:16)
14 verbose stack     at Process.ChildProcess._handle.onexit (internal/child_process.js:226:5)
15 verbose pkgid pooya-tolideh-portfolio@0.0.1
16 verbose cwd /Users/pooyatolideh/Sites/_My-Portfolio/static
17 error Darwin 14.3.0
18 error argv "/usr/local/bin/node" "/usr/local/bin/npm" "run" "serve"
19 error node v7.4.0
20 error npm  v4.1.2
21 error code ELIFECYCLE
22 error pooya-tolideh-portfolio@0.0.1 serve: `gulp serve:dev`
22 error Exit status 1
23 error Failed at the pooya-tolideh-portfolio@0.0.1 serve script 'gulp serve:dev'.
23 error Make sure you have the latest version of node.js and npm installed.
23 error If you do, this is most likely a problem with the pooya-tolideh-portfolio package,
23 error not with npm itself.
23 error Tell the author that this fails on your system:
23 error     gulp serve:dev
23 error You can get information on how to open an issue for this project with:
23 error     npm bugs pooya-tolideh-portfolio
23 error Or if that isn't available, you can get their info via:
23 error     npm owner ls pooya-tolideh-portfolio
23 error There is likely additional logging output above.
24 verbose exit [ 1, true ]
